<?xml version="1.0" encoding="UTF-8"?>
<!-- Generated by org.testng.reporters.JUnitXMLReporter -->
<testsuite ignored="0" hostname="UDI-D5MNN33" failures="0" tests="3" name="Add Customer Test" time="14.814" errors="0" timestamp="2021-12-02T00:26:38 BRT">
  <testcase classname="testCases.AddCustomerTest" name="addCustomerTest" time="5.472"/>
  <testcase classname="testCases.AddCustomerTest" name="addCustomerTest" time="4.538"/>
  <testcase classname="testCases.AddCustomerTest" name="addCustomerTest" time="4.449"/>
</testsuite> <!-- Add Customer Test -->
