<?xml version="1.0" encoding="UTF-8"?>
<testng-results ignored="0" total="1" passed="1" failed="0" skipped="0">
  <reporter-output>
  </reporter-output>
  <suite started-at="2021-11-26T13:03:45Z" name="Data Driven Basics" finished-at="2021-11-26T13:03:48Z" duration-ms="3104">
    <groups>
    </groups>
    <test started-at="2021-11-26T13:03:45Z" name="LoginTest" finished-at="2021-11-26T13:03:48Z" duration-ms="3104">
      <class name="testCases.LoginTest">
        <test-method is-config="true" signature="setUp()[pri:0, instance:testCases.LoginTest@59309333]" started-at="2021-11-26T13:03:13Z" name="setUp" finished-at="2021-11-26T13:03:45Z" duration-ms="31217" status="PASS">
          <reporter-output>
          </reporter-output>
        </test-method> <!-- setUp -->
        <test-method signature="loginAsBankManager()[pri:0, instance:testCases.LoginTest@59309333]" started-at="2021-11-26T13:03:45Z" name="loginAsBankManager" finished-at="2021-11-26T13:03:48Z" duration-ms="3085" status="PASS">
          <reporter-output>
          </reporter-output>
        </test-method> <!-- loginAsBankManager -->
        <test-method is-config="true" signature="tearDown()[pri:0, instance:testCases.LoginTest@59309333]" started-at="2021-11-26T13:03:48Z" name="tearDown" finished-at="2021-11-26T13:03:49Z" duration-ms="1428" status="PASS">
          <reporter-output>
          </reporter-output>
        </test-method> <!-- tearDown -->
      </class> <!-- testCases.LoginTest -->
    </test> <!-- LoginTest -->
  </suite> <!-- Data Driven Basics -->
</testng-results>
